<?xml version="1.0" encoding="UTF-8"?>
<testng-results ignored="0" total="1" passed="1" failed="0" skipped="0">
  <reporter-output>
  </reporter-output>
  <suite started-at="2023-11-01T15:39:55 IST" name="Default suite" finished-at="2023-11-01T15:40:30 IST" duration-ms="35684">
    <groups>
    </groups>
    <test started-at="2023-11-01T15:39:55 IST" name="Default test" finished-at="2023-11-01T15:40:30 IST" duration-ms="35684">
      <class name="Sample.CreateOrganisationTest">
        <test-method is-config="true" signature="bsConfig()[pri:0, instance:Sample.CreateOrganisationTest@2f4948e4]" started-at="2023-11-01T15:39:55 IST" name="bsConfig" finished-at="2023-11-01T15:39:55 IST" duration-ms="22" status="PASS">
          <reporter-output>
          </reporter-output>
        </test-method> <!-- bsConfig -->
        <test-method is-config="true" signature="bcConfig()[pri:0, instance:Sample.CreateOrganisationTest@2f4948e4]" started-at="2023-11-01T15:39:55 IST" name="bcConfig" finished-at="2023-11-01T15:40:04 IST" duration-ms="9844" status="PASS">
          <reporter-output>
          </reporter-output>
        </test-method> <!-- bcConfig -->
        <test-method is-config="true" signature="bmConfig()[pri:0, instance:Sample.CreateOrganisationTest@2f4948e4]" started-at="2023-11-01T15:40:05 IST" name="bmConfig" finished-at="2023-11-01T15:40:10 IST" duration-ms="5447" status="PASS">
          <reporter-output>
          </reporter-output>
        </test-method> <!-- bmConfig -->
        <test-method signature="CreateOrganisation()[pri:0, instance:Sample.CreateOrganisationTest@2f4948e4]" started-at="2023-11-01T15:40:10 IST" name="CreateOrganisation" finished-at="2023-11-01T15:40:26 IST" duration-ms="16356" status="PASS">
          <reporter-output>
          </reporter-output>
        </test-method> <!-- CreateOrganisation -->
        <test-method is-config="true" signature="amConfig()[pri:0, instance:Sample.CreateOrganisationTest@2f4948e4]" started-at="2023-11-01T15:40:26 IST" name="amConfig" finished-at="2023-11-01T15:40:30 IST" duration-ms="3581" status="PASS">
          <reporter-output>
          </reporter-output>
        </test-method> <!-- amConfig -->
        <test-method is-config="true" signature="acConfig()[pri:0, instance:Sample.CreateOrganisationTest@2f4948e4]" started-at="2023-11-01T15:40:30 IST" name="acConfig" finished-at="2023-11-01T15:40:30 IST" duration-ms="394" status="PASS">
          <reporter-output>
          </reporter-output>
        </test-method> <!-- acConfig -->
        <test-method is-config="true" signature="asConfig()[pri:0, instance:Sample.CreateOrganisationTest@2f4948e4]" started-at="2023-11-01T15:40:30 IST" name="asConfig" finished-at="2023-11-01T15:40:30 IST" duration-ms="0" status="PASS">
          <reporter-output>
          </reporter-output>
        </test-method> <!-- asConfig -->
      </class> <!-- Sample.CreateOrganisationTest -->
    </test> <!-- Default test -->
  </suite> <!-- Default suite -->
</testng-results>
